<?xml version="1.0" encoding="UTF-8"?>
<!-- Generated by org.testng.reporters.JUnitReportReporter -->
<testsuite hostname="TestingWorld-PC" name="testcases.Signin_case" tests="3" failures="0" timestamp="23 Oct 2016 03:41:06 GMT" time="18.978" errors="0">
  <testcase name="TC_001" time="5.297" classname="testcases.Signin_case"/>
  <testcase name="TC_001" time="6.505" classname="testcases.Signin_case"/>
  <testcase name="TC_001" time="7.176" classname="testcases.Signin_case"/>
</testsuite> <!-- testcases.Signin_case -->
